C:\USERS\SUBONG\DOCUMENTS\OF_V0.8.4_VS_RELEASE\APPS\MYAPPS\KINECTV2\OBJ\DEBUG\MAIN.OBJ
C:\USERS\SUBONG\DOCUMENTS\OF_V0.8.4_VS_RELEASE\APPS\MYAPPS\KINECTV2\OBJ\DEBUG\OFAPP.OBJ
C:\USERS\SUBONG\DOCUMENTS\OF_V0.8.4_VS_RELEASE\APPS\MYAPPS\KINECTV2\OBJ\DEBUG\DEVICE.OBJ
C:\USERS\SUBONG\DOCUMENTS\OF_V0.8.4_VS_RELEASE\APPS\MYAPPS\KINECTV2\OBJ\DEBUG\BASEIMAGE.OBJ
C:\USERS\SUBONG\DOCUMENTS\OF_V0.8.4_VS_RELEASE\APPS\MYAPPS\KINECTV2\OBJ\DEBUG\BODY.OBJ
C:\USERS\SUBONG\DOCUMENTS\OF_V0.8.4_VS_RELEASE\APPS\MYAPPS\KINECTV2\OBJ\DEBUG\BODYINDEX.OBJ
C:\USERS\SUBONG\DOCUMENTS\OF_V0.8.4_VS_RELEASE\APPS\MYAPPS\KINECTV2\OBJ\DEBUG\COLOR.OBJ
C:\USERS\SUBONG\DOCUMENTS\OF_V0.8.4_VS_RELEASE\APPS\MYAPPS\KINECTV2\OBJ\DEBUG\DEPTH.OBJ
C:\USERS\SUBONG\DOCUMENTS\OF_V0.8.4_VS_RELEASE\APPS\MYAPPS\KINECTV2\OBJ\DEBUG\INFRARED.OBJ
C:\USERS\SUBONG\DOCUMENTS\OF_V0.8.4_VS_RELEASE\APPS\MYAPPS\KINECTV2\OBJ\DEBUG\LONGEXPOSUREINFRARED.OBJ
C:\USERS\SUBONG\DOCUMENTS\OF_V0.8.4_VS_RELEASE\APPS\MYAPPS\KINECTV2\OBJ\DEBUG\UTILS.OBJ
C:\USERS\SUBONG\DOCUMENTS\OF_V0.8.4_VS_RELEASE\APPS\MYAPPS\KINECTV2\OBJ\DEBUG\VC110.PDB
C:\Users\Subong\Documents\of_v0.8.4_vs_release\apps\myApps\KinectV2\bin\KinectV2_debug.lib
C:\Users\Subong\Documents\of_v0.8.4_vs_release\apps\myApps\KinectV2\bin\KinectV2_debug.exp
C:\USERS\SUBONG\DOCUMENTS\OF_V0.8.4_VS_RELEASE\APPS\MYAPPS\KINECTV2\BIN\KINECTV2_DEBUG.ILK
C:\USERS\SUBONG\DOCUMENTS\OF_V0.8.4_VS_RELEASE\APPS\MYAPPS\KINECTV2\BIN\KINECTV2_DEBUG.EXE
C:\USERS\SUBONG\DOCUMENTS\OF_V0.8.4_VS_RELEASE\APPS\MYAPPS\KINECTV2\BIN\KINECTV2_DEBUG.PDB
C:\USERS\SUBONG\DOCUMENTS\OF_V0.8.4_VS_RELEASE\APPS\MYAPPS\KINECTV2\OBJ\DEBUG\ICON.RES
C:\Users\Subong\Documents\of_v0.8.4_vs_release\apps\myApps\KinectV2\obj\Debug\KinectV2.vcxprojResolveAssemblyReference.cache
C:\Users\Subong\Documents\of_v0.8.4_vs_release\apps\myApps\KinectV2\obj\Debug\BaseImage.obj
C:\Users\Subong\Documents\of_v0.8.4_vs_release\apps\myApps\KinectV2\obj\Debug\Body.obj
C:\Users\Subong\Documents\of_v0.8.4_vs_release\apps\myApps\KinectV2\obj\Debug\BodyIndex.obj
C:\Users\Subong\Documents\of_v0.8.4_vs_release\apps\myApps\KinectV2\obj\Debug\Color.obj
C:\Users\Subong\Documents\of_v0.8.4_vs_release\apps\myApps\KinectV2\obj\Debug\Depth.obj
C:\Users\Subong\Documents\of_v0.8.4_vs_release\apps\myApps\KinectV2\obj\Debug\Device.obj
C:\Users\Subong\Documents\of_v0.8.4_vs_release\apps\myApps\KinectV2\obj\Debug\Infrared.obj
C:\Users\Subong\Documents\of_v0.8.4_vs_release\apps\myApps\KinectV2\obj\Debug\LongExposureInfraRed.obj
C:\Users\Subong\Documents\of_v0.8.4_vs_release\apps\myApps\KinectV2\obj\Debug\main.obj
C:\Users\Subong\Documents\of_v0.8.4_vs_release\apps\myApps\KinectV2\obj\Debug\ofApp.obj
C:\Users\Subong\Documents\of_v0.8.4_vs_release\apps\myApps\KinectV2\obj\Debug\Utils.obj
C:\Users\Subong\Documents\of_v0.8.4_vs_release\apps\myApps\KinectV2\obj\Debug\cl.command.1.tlog
C:\Users\Subong\Documents\of_v0.8.4_vs_release\apps\myApps\KinectV2\obj\Debug\CL.read.1.tlog
C:\Users\Subong\Documents\of_v0.8.4_vs_release\apps\myApps\KinectV2\obj\Debug\CL.write.1.tlog
C:\Users\Subong\Documents\of_v0.8.4_vs_release\apps\myApps\KinectV2\obj\Debug\KinectV2.write.1.tlog
C:\Users\Subong\Documents\of_v0.8.4_vs_release\apps\myApps\KinectV2\obj\Debug\link-cvtres.read.1.tlog
C:\Users\Subong\Documents\of_v0.8.4_vs_release\apps\myApps\KinectV2\obj\Debug\link-cvtres.write.1.tlog
C:\Users\Subong\Documents\of_v0.8.4_vs_release\apps\myApps\KinectV2\obj\Debug\link-rc.read.1.tlog
C:\Users\Subong\Documents\of_v0.8.4_vs_release\apps\myApps\KinectV2\obj\Debug\link-rc.write.1.tlog
C:\Users\Subong\Documents\of_v0.8.4_vs_release\apps\myApps\KinectV2\obj\Debug\link.10116-cvtres.read.1.tlog
C:\Users\Subong\Documents\of_v0.8.4_vs_release\apps\myApps\KinectV2\obj\Debug\link.10116-cvtres.write.1.tlog
C:\Users\Subong\Documents\of_v0.8.4_vs_release\apps\myApps\KinectV2\obj\Debug\link.10116-rc.read.1.tlog
C:\Users\Subong\Documents\of_v0.8.4_vs_release\apps\myApps\KinectV2\obj\Debug\link.10116-rc.write.1.tlog
C:\Users\Subong\Documents\of_v0.8.4_vs_release\apps\myApps\KinectV2\obj\Debug\link.10116.read.1.tlog
C:\Users\Subong\Documents\of_v0.8.4_vs_release\apps\myApps\KinectV2\obj\Debug\link.10116.write.1.tlog
C:\Users\Subong\Documents\of_v0.8.4_vs_release\apps\myApps\KinectV2\obj\Debug\link.10652-cvtres.read.1.tlog
C:\Users\Subong\Documents\of_v0.8.4_vs_release\apps\myApps\KinectV2\obj\Debug\link.10652-cvtres.write.1.tlog
C:\Users\Subong\Documents\of_v0.8.4_vs_release\apps\myApps\KinectV2\obj\Debug\link.10652-rc.read.1.tlog
C:\Users\Subong\Documents\of_v0.8.4_vs_release\apps\myApps\KinectV2\obj\Debug\link.10652-rc.write.1.tlog
C:\Users\Subong\Documents\of_v0.8.4_vs_release\apps\myApps\KinectV2\obj\Debug\link.10652.read.1.tlog
C:\Users\Subong\Documents\of_v0.8.4_vs_release\apps\myApps\KinectV2\obj\Debug\link.10652.write.1.tlog
C:\Users\Subong\Documents\of_v0.8.4_vs_release\apps\myApps\KinectV2\obj\Debug\link.11316-cvtres.read.1.tlog
C:\Users\Subong\Documents\of_v0.8.4_vs_release\apps\myApps\KinectV2\obj\Debug\link.11316-cvtres.write.1.tlog
C:\Users\Subong\Documents\of_v0.8.4_vs_release\apps\myApps\KinectV2\obj\Debug\link.11316-rc.read.1.tlog
C:\Users\Subong\Documents\of_v0.8.4_vs_release\apps\myApps\KinectV2\obj\Debug\link.11316-rc.write.1.tlog
C:\Users\Subong\Documents\of_v0.8.4_vs_release\apps\myApps\KinectV2\obj\Debug\link.11316.read.1.tlog
C:\Users\Subong\Documents\of_v0.8.4_vs_release\apps\myApps\KinectV2\obj\Debug\link.11316.write.1.tlog
C:\Users\Subong\Documents\of_v0.8.4_vs_release\apps\myApps\KinectV2\obj\Debug\link.12096-cvtres.read.1.tlog
C:\Users\Subong\Documents\of_v0.8.4_vs_release\apps\myApps\KinectV2\obj\Debug\link.12096-cvtres.write.1.tlog
C:\Users\Subong\Documents\of_v0.8.4_vs_release\apps\myApps\KinectV2\obj\Debug\link.12096-rc.read.1.tlog
C:\Users\Subong\Documents\of_v0.8.4_vs_release\apps\myApps\KinectV2\obj\Debug\link.12096-rc.write.1.tlog
C:\Users\Subong\Documents\of_v0.8.4_vs_release\apps\myApps\KinectV2\obj\Debug\link.12096.read.1.tlog
C:\Users\Subong\Documents\of_v0.8.4_vs_release\apps\myApps\KinectV2\obj\Debug\link.12096.write.1.tlog
C:\Users\Subong\Documents\of_v0.8.4_vs_release\apps\myApps\KinectV2\obj\Debug\link.12740-cvtres.read.1.tlog
C:\Users\Subong\Documents\of_v0.8.4_vs_release\apps\myApps\KinectV2\obj\Debug\link.12740-cvtres.write.1.tlog
C:\Users\Subong\Documents\of_v0.8.4_vs_release\apps\myApps\KinectV2\obj\Debug\link.12740-rc.read.1.tlog
C:\Users\Subong\Documents\of_v0.8.4_vs_release\apps\myApps\KinectV2\obj\Debug\link.12740-rc.write.1.tlog
C:\Users\Subong\Documents\of_v0.8.4_vs_release\apps\myApps\KinectV2\obj\Debug\link.12740.read.1.tlog
C:\Users\Subong\Documents\of_v0.8.4_vs_release\apps\myApps\KinectV2\obj\Debug\link.12740.write.1.tlog
C:\Users\Subong\Documents\of_v0.8.4_vs_release\apps\myApps\KinectV2\obj\Debug\link.12988-cvtres.read.1.tlog
C:\Users\Subong\Documents\of_v0.8.4_vs_release\apps\myApps\KinectV2\obj\Debug\link.12988-cvtres.write.1.tlog
C:\Users\Subong\Documents\of_v0.8.4_vs_release\apps\myApps\KinectV2\obj\Debug\link.12988-rc.read.1.tlog
C:\Users\Subong\Documents\of_v0.8.4_vs_release\apps\myApps\KinectV2\obj\Debug\link.12988-rc.write.1.tlog
C:\Users\Subong\Documents\of_v0.8.4_vs_release\apps\myApps\KinectV2\obj\Debug\link.12988.read.1.tlog
C:\Users\Subong\Documents\of_v0.8.4_vs_release\apps\myApps\KinectV2\obj\Debug\link.12988.write.1.tlog
C:\Users\Subong\Documents\of_v0.8.4_vs_release\apps\myApps\KinectV2\obj\Debug\link.13128-cvtres.read.1.tlog
C:\Users\Subong\Documents\of_v0.8.4_vs_release\apps\myApps\KinectV2\obj\Debug\link.13128-cvtres.write.1.tlog
C:\Users\Subong\Documents\of_v0.8.4_vs_release\apps\myApps\KinectV2\obj\Debug\link.13128-rc.read.1.tlog
C:\Users\Subong\Documents\of_v0.8.4_vs_release\apps\myApps\KinectV2\obj\Debug\link.13128-rc.write.1.tlog
C:\Users\Subong\Documents\of_v0.8.4_vs_release\apps\myApps\KinectV2\obj\Debug\link.13128.read.1.tlog
C:\Users\Subong\Documents\of_v0.8.4_vs_release\apps\myApps\KinectV2\obj\Debug\link.13128.write.1.tlog
C:\Users\Subong\Documents\of_v0.8.4_vs_release\apps\myApps\KinectV2\obj\Debug\link.13192-cvtres.read.1.tlog
C:\Users\Subong\Documents\of_v0.8.4_vs_release\apps\myApps\KinectV2\obj\Debug\link.13192-cvtres.write.1.tlog
C:\Users\Subong\Documents\of_v0.8.4_vs_release\apps\myApps\KinectV2\obj\Debug\link.13192-rc.read.1.tlog
C:\Users\Subong\Documents\of_v0.8.4_vs_release\apps\myApps\KinectV2\obj\Debug\link.13192-rc.write.1.tlog
C:\Users\Subong\Documents\of_v0.8.4_vs_release\apps\myApps\KinectV2\obj\Debug\link.13192.read.1.tlog
C:\Users\Subong\Documents\of_v0.8.4_vs_release\apps\myApps\KinectV2\obj\Debug\link.13192.write.1.tlog
C:\Users\Subong\Documents\of_v0.8.4_vs_release\apps\myApps\KinectV2\obj\Debug\link.13504-cvtres.read.1.tlog
C:\Users\Subong\Documents\of_v0.8.4_vs_release\apps\myApps\KinectV2\obj\Debug\link.13504-cvtres.write.1.tlog
C:\Users\Subong\Documents\of_v0.8.4_vs_release\apps\myApps\KinectV2\obj\Debug\link.13504-rc.read.1.tlog
C:\Users\Subong\Documents\of_v0.8.4_vs_release\apps\myApps\KinectV2\obj\Debug\link.13504-rc.write.1.tlog
C:\Users\Subong\Documents\of_v0.8.4_vs_release\apps\myApps\KinectV2\obj\Debug\link.13504.read.1.tlog
C:\Users\Subong\Documents\of_v0.8.4_vs_release\apps\myApps\KinectV2\obj\Debug\link.13504.write.1.tlog
C:\Users\Subong\Documents\of_v0.8.4_vs_release\apps\myApps\KinectV2\obj\Debug\link.13644-cvtres.read.1.tlog
C:\Users\Subong\Documents\of_v0.8.4_vs_release\apps\myApps\KinectV2\obj\Debug\link.13644-cvtres.write.1.tlog
C:\Users\Subong\Documents\of_v0.8.4_vs_release\apps\myApps\KinectV2\obj\Debug\link.13644-rc.read.1.tlog
C:\Users\Subong\Documents\of_v0.8.4_vs_release\apps\myApps\KinectV2\obj\Debug\link.13644-rc.write.1.tlog
C:\Users\Subong\Documents\of_v0.8.4_vs_release\apps\myApps\KinectV2\obj\Debug\link.13644.read.1.tlog
C:\Users\Subong\Documents\of_v0.8.4_vs_release\apps\myApps\KinectV2\obj\Debug\link.13644.write.1.tlog
C:\Users\Subong\Documents\of_v0.8.4_vs_release\apps\myApps\KinectV2\obj\Debug\link.14856-cvtres.read.1.tlog
C:\Users\Subong\Documents\of_v0.8.4_vs_release\apps\myApps\KinectV2\obj\Debug\link.14856-cvtres.write.1.tlog
C:\Users\Subong\Documents\of_v0.8.4_vs_release\apps\myApps\KinectV2\obj\Debug\link.14856-rc.read.1.tlog
C:\Users\Subong\Documents\of_v0.8.4_vs_release\apps\myApps\KinectV2\obj\Debug\link.14856-rc.write.1.tlog
C:\Users\Subong\Documents\of_v0.8.4_vs_release\apps\myApps\KinectV2\obj\Debug\link.14856.read.1.tlog
C:\Users\Subong\Documents\of_v0.8.4_vs_release\apps\myApps\KinectV2\obj\Debug\link.14856.write.1.tlog
C:\Users\Subong\Documents\of_v0.8.4_vs_release\apps\myApps\KinectV2\obj\Debug\link.15016-cvtres.read.1.tlog
C:\Users\Subong\Documents\of_v0.8.4_vs_release\apps\myApps\KinectV2\obj\Debug\link.15016-cvtres.write.1.tlog
C:\Users\Subong\Documents\of_v0.8.4_vs_release\apps\myApps\KinectV2\obj\Debug\link.15016-rc.read.1.tlog
C:\Users\Subong\Documents\of_v0.8.4_vs_release\apps\myApps\KinectV2\obj\Debug\link.15016-rc.write.1.tlog
C:\Users\Subong\Documents\of_v0.8.4_vs_release\apps\myApps\KinectV2\obj\Debug\link.15016.read.1.tlog
C:\Users\Subong\Documents\of_v0.8.4_vs_release\apps\myApps\KinectV2\obj\Debug\link.15016.write.1.tlog
C:\Users\Subong\Documents\of_v0.8.4_vs_release\apps\myApps\KinectV2\obj\Debug\link.2088-cvtres.read.1.tlog
C:\Users\Subong\Documents\of_v0.8.4_vs_release\apps\myApps\KinectV2\obj\Debug\link.2088-cvtres.write.1.tlog
C:\Users\Subong\Documents\of_v0.8.4_vs_release\apps\myApps\KinectV2\obj\Debug\link.2088-rc.read.1.tlog
C:\Users\Subong\Documents\of_v0.8.4_vs_release\apps\myApps\KinectV2\obj\Debug\link.2088-rc.write.1.tlog
C:\Users\Subong\Documents\of_v0.8.4_vs_release\apps\myApps\KinectV2\obj\Debug\link.2088.read.1.tlog
C:\Users\Subong\Documents\of_v0.8.4_vs_release\apps\myApps\KinectV2\obj\Debug\link.2088.write.1.tlog
C:\Users\Subong\Documents\of_v0.8.4_vs_release\apps\myApps\KinectV2\obj\Debug\link.3188-cvtres.read.1.tlog
C:\Users\Subong\Documents\of_v0.8.4_vs_release\apps\myApps\KinectV2\obj\Debug\link.3188-cvtres.write.1.tlog
C:\Users\Subong\Documents\of_v0.8.4_vs_release\apps\myApps\KinectV2\obj\Debug\link.3188-rc.read.1.tlog
C:\Users\Subong\Documents\of_v0.8.4_vs_release\apps\myApps\KinectV2\obj\Debug\link.3188-rc.write.1.tlog
C:\Users\Subong\Documents\of_v0.8.4_vs_release\apps\myApps\KinectV2\obj\Debug\link.3188.read.1.tlog
C:\Users\Subong\Documents\of_v0.8.4_vs_release\apps\myApps\KinectV2\obj\Debug\link.3188.write.1.tlog
C:\Users\Subong\Documents\of_v0.8.4_vs_release\apps\myApps\KinectV2\obj\Debug\link.3408-cvtres.read.1.tlog
C:\Users\Subong\Documents\of_v0.8.4_vs_release\apps\myApps\KinectV2\obj\Debug\link.3408-cvtres.write.1.tlog
C:\Users\Subong\Documents\of_v0.8.4_vs_release\apps\myApps\KinectV2\obj\Debug\link.3408-rc.read.1.tlog
C:\Users\Subong\Documents\of_v0.8.4_vs_release\apps\myApps\KinectV2\obj\Debug\link.3408-rc.write.1.tlog
C:\Users\Subong\Documents\of_v0.8.4_vs_release\apps\myApps\KinectV2\obj\Debug\link.3408.read.1.tlog
C:\Users\Subong\Documents\of_v0.8.4_vs_release\apps\myApps\KinectV2\obj\Debug\link.3408.write.1.tlog
C:\Users\Subong\Documents\of_v0.8.4_vs_release\apps\myApps\KinectV2\obj\Debug\link.4160-cvtres.read.1.tlog
C:\Users\Subong\Documents\of_v0.8.4_vs_release\apps\myApps\KinectV2\obj\Debug\link.4160-cvtres.write.1.tlog
C:\Users\Subong\Documents\of_v0.8.4_vs_release\apps\myApps\KinectV2\obj\Debug\link.4160-rc.read.1.tlog
C:\Users\Subong\Documents\of_v0.8.4_vs_release\apps\myApps\KinectV2\obj\Debug\link.4160-rc.write.1.tlog
C:\Users\Subong\Documents\of_v0.8.4_vs_release\apps\myApps\KinectV2\obj\Debug\link.4160.read.1.tlog
C:\Users\Subong\Documents\of_v0.8.4_vs_release\apps\myApps\KinectV2\obj\Debug\link.4160.write.1.tlog
C:\Users\Subong\Documents\of_v0.8.4_vs_release\apps\myApps\KinectV2\obj\Debug\link.5052-cvtres.read.1.tlog
C:\Users\Subong\Documents\of_v0.8.4_vs_release\apps\myApps\KinectV2\obj\Debug\link.5052-cvtres.write.1.tlog
C:\Users\Subong\Documents\of_v0.8.4_vs_release\apps\myApps\KinectV2\obj\Debug\link.5052-rc.read.1.tlog
C:\Users\Subong\Documents\of_v0.8.4_vs_release\apps\myApps\KinectV2\obj\Debug\link.5052-rc.write.1.tlog
C:\Users\Subong\Documents\of_v0.8.4_vs_release\apps\myApps\KinectV2\obj\Debug\link.5052.read.1.tlog
C:\Users\Subong\Documents\of_v0.8.4_vs_release\apps\myApps\KinectV2\obj\Debug\link.5052.write.1.tlog
C:\Users\Subong\Documents\of_v0.8.4_vs_release\apps\myApps\KinectV2\obj\Debug\link.5460-cvtres.read.1.tlog
C:\Users\Subong\Documents\of_v0.8.4_vs_release\apps\myApps\KinectV2\obj\Debug\link.5460-cvtres.write.1.tlog
C:\Users\Subong\Documents\of_v0.8.4_vs_release\apps\myApps\KinectV2\obj\Debug\link.5460-rc.read.1.tlog
C:\Users\Subong\Documents\of_v0.8.4_vs_release\apps\myApps\KinectV2\obj\Debug\link.5460-rc.write.1.tlog
C:\Users\Subong\Documents\of_v0.8.4_vs_release\apps\myApps\KinectV2\obj\Debug\link.5460.read.1.tlog
C:\Users\Subong\Documents\of_v0.8.4_vs_release\apps\myApps\KinectV2\obj\Debug\link.5460.write.1.tlog
C:\Users\Subong\Documents\of_v0.8.4_vs_release\apps\myApps\KinectV2\obj\Debug\link.5844-cvtres.read.1.tlog
C:\Users\Subong\Documents\of_v0.8.4_vs_release\apps\myApps\KinectV2\obj\Debug\link.5844-cvtres.write.1.tlog
C:\Users\Subong\Documents\of_v0.8.4_vs_release\apps\myApps\KinectV2\obj\Debug\link.5844-rc.read.1.tlog
C:\Users\Subong\Documents\of_v0.8.4_vs_release\apps\myApps\KinectV2\obj\Debug\link.5844-rc.write.1.tlog
C:\Users\Subong\Documents\of_v0.8.4_vs_release\apps\myApps\KinectV2\obj\Debug\link.5844.read.1.tlog
C:\Users\Subong\Documents\of_v0.8.4_vs_release\apps\myApps\KinectV2\obj\Debug\link.5844.write.1.tlog
C:\Users\Subong\Documents\of_v0.8.4_vs_release\apps\myApps\KinectV2\obj\Debug\link.6044-cvtres.read.1.tlog
C:\Users\Subong\Documents\of_v0.8.4_vs_release\apps\myApps\KinectV2\obj\Debug\link.6044-cvtres.write.1.tlog
C:\Users\Subong\Documents\of_v0.8.4_vs_release\apps\myApps\KinectV2\obj\Debug\link.6044-rc.read.1.tlog
C:\Users\Subong\Documents\of_v0.8.4_vs_release\apps\myApps\KinectV2\obj\Debug\link.6044-rc.write.1.tlog
C:\Users\Subong\Documents\of_v0.8.4_vs_release\apps\myApps\KinectV2\obj\Debug\link.6044.read.1.tlog
C:\Users\Subong\Documents\of_v0.8.4_vs_release\apps\myApps\KinectV2\obj\Debug\link.6044.write.1.tlog
C:\Users\Subong\Documents\of_v0.8.4_vs_release\apps\myApps\KinectV2\obj\Debug\link.7236-cvtres.read.1.tlog
C:\Users\Subong\Documents\of_v0.8.4_vs_release\apps\myApps\KinectV2\obj\Debug\link.7236-cvtres.write.1.tlog
C:\Users\Subong\Documents\of_v0.8.4_vs_release\apps\myApps\KinectV2\obj\Debug\link.7236-rc.read.1.tlog
C:\Users\Subong\Documents\of_v0.8.4_vs_release\apps\myApps\KinectV2\obj\Debug\link.7236-rc.write.1.tlog
C:\Users\Subong\Documents\of_v0.8.4_vs_release\apps\myApps\KinectV2\obj\Debug\link.7236.read.1.tlog
C:\Users\Subong\Documents\of_v0.8.4_vs_release\apps\myApps\KinectV2\obj\Debug\link.7236.write.1.tlog
C:\Users\Subong\Documents\of_v0.8.4_vs_release\apps\myApps\KinectV2\obj\Debug\link.7240-cvtres.read.1.tlog
C:\Users\Subong\Documents\of_v0.8.4_vs_release\apps\myApps\KinectV2\obj\Debug\link.7240-cvtres.write.1.tlog
C:\Users\Subong\Documents\of_v0.8.4_vs_release\apps\myApps\KinectV2\obj\Debug\link.7240-rc.read.1.tlog
C:\Users\Subong\Documents\of_v0.8.4_vs_release\apps\myApps\KinectV2\obj\Debug\link.7240-rc.write.1.tlog
C:\Users\Subong\Documents\of_v0.8.4_vs_release\apps\myApps\KinectV2\obj\Debug\link.7240.read.1.tlog
C:\Users\Subong\Documents\of_v0.8.4_vs_release\apps\myApps\KinectV2\obj\Debug\link.7240.write.1.tlog
C:\Users\Subong\Documents\of_v0.8.4_vs_release\apps\myApps\KinectV2\obj\Debug\link.7684-cvtres.read.1.tlog
C:\Users\Subong\Documents\of_v0.8.4_vs_release\apps\myApps\KinectV2\obj\Debug\link.7684-cvtres.write.1.tlog
C:\Users\Subong\Documents\of_v0.8.4_vs_release\apps\myApps\KinectV2\obj\Debug\link.7684-rc.read.1.tlog
C:\Users\Subong\Documents\of_v0.8.4_vs_release\apps\myApps\KinectV2\obj\Debug\link.7684-rc.write.1.tlog
C:\Users\Subong\Documents\of_v0.8.4_vs_release\apps\myApps\KinectV2\obj\Debug\link.7684.read.1.tlog
C:\Users\Subong\Documents\of_v0.8.4_vs_release\apps\myApps\KinectV2\obj\Debug\link.7684.write.1.tlog
C:\Users\Subong\Documents\of_v0.8.4_vs_release\apps\myApps\KinectV2\obj\Debug\link.8232-cvtres.read.1.tlog
C:\Users\Subong\Documents\of_v0.8.4_vs_release\apps\myApps\KinectV2\obj\Debug\link.8232-cvtres.write.1.tlog
C:\Users\Subong\Documents\of_v0.8.4_vs_release\apps\myApps\KinectV2\obj\Debug\link.8232-rc.read.1.tlog
C:\Users\Subong\Documents\of_v0.8.4_vs_release\apps\myApps\KinectV2\obj\Debug\link.8232-rc.write.1.tlog
C:\Users\Subong\Documents\of_v0.8.4_vs_release\apps\myApps\KinectV2\obj\Debug\link.8232.read.1.tlog
C:\Users\Subong\Documents\of_v0.8.4_vs_release\apps\myApps\KinectV2\obj\Debug\link.8232.write.1.tlog
C:\Users\Subong\Documents\of_v0.8.4_vs_release\apps\myApps\KinectV2\obj\Debug\link.8808-cvtres.read.1.tlog
C:\Users\Subong\Documents\of_v0.8.4_vs_release\apps\myApps\KinectV2\obj\Debug\link.8808-cvtres.write.1.tlog
C:\Users\Subong\Documents\of_v0.8.4_vs_release\apps\myApps\KinectV2\obj\Debug\link.8808-rc.read.1.tlog
C:\Users\Subong\Documents\of_v0.8.4_vs_release\apps\myApps\KinectV2\obj\Debug\link.8808-rc.write.1.tlog
C:\Users\Subong\Documents\of_v0.8.4_vs_release\apps\myApps\KinectV2\obj\Debug\link.8808.read.1.tlog
C:\Users\Subong\Documents\of_v0.8.4_vs_release\apps\myApps\KinectV2\obj\Debug\link.8808.write.1.tlog
C:\Users\Subong\Documents\of_v0.8.4_vs_release\apps\myApps\KinectV2\obj\Debug\link.9164-cvtres.read.1.tlog
C:\Users\Subong\Documents\of_v0.8.4_vs_release\apps\myApps\KinectV2\obj\Debug\link.9164-cvtres.write.1.tlog
C:\Users\Subong\Documents\of_v0.8.4_vs_release\apps\myApps\KinectV2\obj\Debug\link.9164-rc.read.1.tlog
C:\Users\Subong\Documents\of_v0.8.4_vs_release\apps\myApps\KinectV2\obj\Debug\link.9164-rc.write.1.tlog
C:\Users\Subong\Documents\of_v0.8.4_vs_release\apps\myApps\KinectV2\obj\Debug\link.9164.read.1.tlog
C:\Users\Subong\Documents\of_v0.8.4_vs_release\apps\myApps\KinectV2\obj\Debug\link.9164.write.1.tlog
C:\Users\Subong\Documents\of_v0.8.4_vs_release\apps\myApps\KinectV2\obj\Debug\link.9332-cvtres.read.1.tlog
C:\Users\Subong\Documents\of_v0.8.4_vs_release\apps\myApps\KinectV2\obj\Debug\link.9332-cvtres.write.1.tlog
C:\Users\Subong\Documents\of_v0.8.4_vs_release\apps\myApps\KinectV2\obj\Debug\link.9332-rc.read.1.tlog
C:\Users\Subong\Documents\of_v0.8.4_vs_release\apps\myApps\KinectV2\obj\Debug\link.9332-rc.write.1.tlog
C:\Users\Subong\Documents\of_v0.8.4_vs_release\apps\myApps\KinectV2\obj\Debug\link.9332.read.1.tlog
C:\Users\Subong\Documents\of_v0.8.4_vs_release\apps\myApps\KinectV2\obj\Debug\link.9332.write.1.tlog
C:\Users\Subong\Documents\of_v0.8.4_vs_release\apps\myApps\KinectV2\obj\Debug\link.command.1.tlog
C:\Users\Subong\Documents\of_v0.8.4_vs_release\apps\myApps\KinectV2\obj\Debug\link.read.1.tlog
C:\Users\Subong\Documents\of_v0.8.4_vs_release\apps\myApps\KinectV2\obj\Debug\link.write.1.tlog
C:\Users\Subong\Documents\of_v0.8.4_vs_release\apps\myApps\KinectV2\obj\Debug\rc.command.1.tlog
C:\Users\Subong\Documents\of_v0.8.4_vs_release\apps\myApps\KinectV2\obj\Debug\rc.read.1.tlog
C:\Users\Subong\Documents\of_v0.8.4_vs_release\apps\myApps\KinectV2\obj\Debug\rc.write.1.tlog
C:\Users\Subong\Documents\of_v0.8.4_vs_release\apps\myApps\KinectV2\obj\Debug\icon.res
C:\Users\Subong\Documents\of_v0.8.4_vs_release\apps\myApps\KinectV2\obj\Debug\vc110.idb
C:\Users\Subong\Documents\of_v0.8.4_vs_release\apps\myApps\KinectV2\obj\Debug\vc110.pdb
C:\Users\Subong\Documents\of_v0.8.4_vs_release\apps\myApps\KinectV2\bin\KinectV2_debug.exe
